<?xml version="1.0" encoding="UTF-8"?>
<!-- Generated by org.testng.reporters.JUnitXMLReporter -->
<testsuite hostname="SANKARA" ignored="0" name="Test" tests="1" failures="1" timestamp="07 Mar 2019 17:55:10 GMT" time="0.351" errors="0">
  <testcase name="startApp" time="0.103" classname="Oakwood.seleniumtest.OakWoodTest">
    <failure type="java.lang.NullPointerException">
      <![CDATA[java.lang.NullPointerException
at Oakwood.seleniumtest.OakWoodTest.startApp(OakWoodTest.java:98)
at java.util.concurrent.ThreadPoolExecutor.runWorker(ThreadPoolExecutor.java:1149)
at java.util.concurrent.ThreadPoolExecutor$Worker.run(ThreadPoolExecutor.java:624)
at java.lang.Thread.run(Thread.java:748)
... Removed 10 stack frames]]>
    </failure>
  </testcase> <!-- startApp -->
</testsuite> <!-- Test -->
