<?xml version="1.0" encoding="UTF-8"?>
<testng-results skipped="0" failed="1" ignored="0" total="1" passed="0">
  <reporter-output>
  </reporter-output>
  <suite name="Suite" duration-ms="351" started-at="2019-03-07T17:55:10Z" finished-at="2019-03-07T17:55:10Z">
    <groups>
    </groups>
    <test name="Test" duration-ms="351" started-at="2019-03-07T17:55:10Z" finished-at="2019-03-07T17:55:10Z">
      <class name="Oakwood.seleniumtest.OakWoodTest">
        <test-method status="FAIL" signature="startApp(java.lang.String)[pri:0, instance:Oakwood.seleniumtest.OakWoodTest@29ca901e]" name="startApp" duration-ms="103" started-at="2019-03-07T17:55:10Z" finished-at="2019-03-07T17:55:10Z">
          <params>
            <param index="0">
              <value>
                <![CDATA[chrome]]>
              </value>
            </param>
          </params>
          <exception class="java.lang.NullPointerException">
            <full-stacktrace>
              <![CDATA[java.lang.NullPointerException
at Oakwood.seleniumtest.OakWoodTest.startApp(OakWoodTest.java:98)
at sun.reflect.NativeMethodAccessorImpl.invoke0(Native Method)
at sun.reflect.NativeMethodAccessorImpl.invoke(NativeMethodAccessorImpl.java:62)
at sun.reflect.DelegatingMethodAccessorImpl.invoke(DelegatingMethodAccessorImpl.java:43)
at java.lang.reflect.Method.invoke(Method.java:498)
at org.testng.internal.MethodInvocationHelper.invokeMethod(MethodInvocationHelper.java:124)
at org.testng.internal.Invoker.invokeMethod(Invoker.java:580)
at org.testng.internal.Invoker.invokeTestMethod(Invoker.java:716)
at org.testng.internal.Invoker.invokeTestMethods(Invoker.java:988)
at org.testng.internal.TestMethodWorker.invokeTestMethods(TestMethodWorker.java:125)
at org.testng.internal.TestMethodWorker.run(TestMethodWorker.java:109)
at java.util.concurrent.ThreadPoolExecutor.runWorker(ThreadPoolExecutor.java:1149)
at java.util.concurrent.ThreadPoolExecutor$Worker.run(ThreadPoolExecutor.java:624)
at java.lang.Thread.run(Thread.java:748)
]]>
            </full-stacktrace>
          </exception> <!-- java.lang.NullPointerException -->
          <reporter-output>
          </reporter-output>
        </test-method> <!-- startApp -->
      </class> <!-- Oakwood.seleniumtest.OakWoodTest -->
    </test> <!-- Test -->
  </suite> <!-- Suite -->
</testng-results>
